<?xml version="1.0" encoding="UTF-8"?>
<!-- Generated by org.testng.reporters.JUnitReportReporter -->
<testsuite hostname="DESKTOP-DPMMA68" name="locators.IDExample" tests="1" failures="0" timestamp="11 Apr 2022 04:52:52 GMT" time="29.542" errors="0">
  <testcase name="IdDemo" time="29.542" classname="locators.IDExample"/>
</testsuite> <!-- locators.IDExample -->
