<?xml version="1.0" encoding="UTF-8"?>
<!-- Generated by org.testng.reporters.JUnitReportReporter -->
<testsuite hostname="DESKTOP-DPMMA68" name="locators.LinkDemo" tests="1" failures="0" timestamp="11 Apr 2022 08:54:11 GMT" time="51.822" errors="0">
  <testcase name="IdDemo" time="51.822" classname="locators.LinkDemo"/>
</testsuite> <!-- locators.LinkDemo -->
