<?xml version="1.0" encoding="UTF-8"?>
<!-- Generated by org.testng.reporters.JUnitReportReporter -->
<testsuite hostname="DESKTOP-DPMMA68" name="locators.ForOpenCart" tests="1" failures="0" timestamp="11 Apr 2022 09:06:33 GMT" time="43.931" errors="0">
  <testcase name="IdDemo" time="43.931" classname="locators.ForOpenCart"/>
</testsuite> <!-- locators.ForOpenCart -->
